<?xml version="1.0" encoding="UTF-8"?>
<!-- Generated by org.testng.reporters.JUnitReportReporter -->
<testsuite hostname="DESKTOP-7MR7K0D" failures="0" tests="4" name="com.crm.OrganiZation.CheckHomePageVisible_TC1" time="120.487" errors="0" timestamp="2022-03-21T19:55:25 IST" skipped="0">
  <testcase classname="com.crm.OrganiZation.CheckHomePageVisible_TC1" name="CheckHomePage_TC1" time="8.087"/>
  <testcase classname="com.crm.OrganiZation.CheckHomePageVisible_TC1" name="CheckHomePage_TC1" time="18.329"/>
  <testcase classname="com.crm.OrganiZation.CheckHomePageVisible_TC1" name="Create_New_Organization_TC2" time="56.083"/>
  <testcase classname="com.crm.OrganiZation.CheckHomePageVisible_TC1" name="Create_New_Organization_TC2" time="37.988"/>
</testsuite> <!-- com.crm.OrganiZation.CheckHomePageVisible_TC1 -->
